0 info it worked if it ends with ok
1 verbose cli [ 'C:\\Program Files\\nodejs\\node.exe',
1 verbose cli   'C:\\Program Files\\nodejs\\node_modules\\npm\\bin\\npm-cli.js',
1 verbose cli   'install',
1 verbose cli   '--save' ]
2 info using npm@2.15.1
3 info using node@v4.4.4
4 verbose readDependencies loading dependencies from C:\Users\KIHIKO FRANCIS\Desktop\CodeChallenge1Server-finalpassport\package.json
5 verbose install where, deps [ 'C:\\Users\\KIHIKO FRANCIS\\Desktop\\CodeChallenge1Server-finalpassport',
5 verbose install   [ 'bcrypt',
5 verbose install     'bcrypt-nodejs',
5 verbose install     'body-parser',
5 verbose install     'connect-flash',
5 verbose install     'connect-mongo',
5 verbose install     'cookie-parser',
5 verbose install     'ejs',
5 verbose install     'express',
5 verbose install     'express-handlebars',
5 verbose install     'express-session',
5 verbose install     'jsonwebtoken',
5 verbose install     'mongodb',
5 verbose install     'mongoose',
5 verbose install     'morgan',
5 verbose install     'passport',
5 verbose install     'passport-facebook',
5 verbose install     'passport-facebook-token',
5 verbose install     'passport-google-oauth',
5 verbose install     'passport-google-token',
5 verbose install     'passport-http',
5 verbose install     'passport-local' ] ]
6 verbose install where, peers [ 'C:\\Users\\KIHIKO FRANCIS\\Desktop\\CodeChallenge1Server-finalpassport',
6 verbose install   [] ]
7 verbose installManyTop reading for lifecycle C:\Users\KIHIKO FRANCIS\Desktop\CodeChallenge1Server-finalpassport\package.json
8 info preinstall server.js@1.0.0
9 verbose installManyTop reading scoped package data from C:\Users\KIHIKO FRANCIS\Desktop\CodeChallenge1Server-finalpassport\node_modules\bcrypt-nodejs\package.json
10 verbose installManyTop reading scoped package data from C:\Users\KIHIKO FRANCIS\Desktop\CodeChallenge1Server-finalpassport\node_modules\body-parser\package.json
11 verbose installManyTop reading scoped package data from C:\Users\KIHIKO FRANCIS\Desktop\CodeChallenge1Server-finalpassport\node_modules\connect-flash\package.json
12 verbose installManyTop reading scoped package data from C:\Users\KIHIKO FRANCIS\Desktop\CodeChallenge1Server-finalpassport\node_modules\connect-mongo\package.json
13 verbose installManyTop reading scoped package data from C:\Users\KIHIKO FRANCIS\Desktop\CodeChallenge1Server-finalpassport\node_modules\cookie-parser\package.json
14 verbose installManyTop reading scoped package data from C:\Users\KIHIKO FRANCIS\Desktop\CodeChallenge1Server-finalpassport\node_modules\ejs\package.json
15 verbose installManyTop reading scoped package data from C:\Users\KIHIKO FRANCIS\Desktop\CodeChallenge1Server-finalpassport\node_modules\express\package.json
16 verbose installManyTop reading scoped package data from C:\Users\KIHIKO FRANCIS\Desktop\CodeChallenge1Server-finalpassport\node_modules\express-handlebars\package.json
17 verbose installManyTop reading scoped package data from C:\Users\KIHIKO FRANCIS\Desktop\CodeChallenge1Server-finalpassport\node_modules\express-session\package.json
18 verbose installManyTop reading scoped package data from C:\Users\KIHIKO FRANCIS\Desktop\CodeChallenge1Server-finalpassport\node_modules\jsonwebtoken\package.json
19 verbose installManyTop reading scoped package data from C:\Users\KIHIKO FRANCIS\Desktop\CodeChallenge1Server-finalpassport\node_modules\mongodb\package.json
20 verbose installManyTop reading scoped package data from C:\Users\KIHIKO FRANCIS\Desktop\CodeChallenge1Server-finalpassport\node_modules\mongoose\package.json
21 verbose installManyTop reading scoped package data from C:\Users\KIHIKO FRANCIS\Desktop\CodeChallenge1Server-finalpassport\node_modules\morgan\package.json
22 verbose installManyTop reading scoped package data from C:\Users\KIHIKO FRANCIS\Desktop\CodeChallenge1Server-finalpassport\node_modules\passport\package.json
23 verbose installManyTop reading scoped package data from C:\Users\KIHIKO FRANCIS\Desktop\CodeChallenge1Server-finalpassport\node_modules\passport-facebook\package.json
24 verbose installManyTop reading scoped package data from C:\Users\KIHIKO FRANCIS\Desktop\CodeChallenge1Server-finalpassport\node_modules\passport-facebook-token\package.json
25 verbose installManyTop reading scoped package data from C:\Users\KIHIKO FRANCIS\Desktop\CodeChallenge1Server-finalpassport\node_modules\passport-google-oauth\package.json
26 verbose installManyTop reading scoped package data from C:\Users\KIHIKO FRANCIS\Desktop\CodeChallenge1Server-finalpassport\node_modules\passport-google-token\package.json
27 verbose installManyTop reading scoped package data from C:\Users\KIHIKO FRANCIS\Desktop\CodeChallenge1Server-finalpassport\node_modules\passport-http\package.json
28 verbose installManyTop reading scoped package data from C:\Users\KIHIKO FRANCIS\Desktop\CodeChallenge1Server-finalpassport\node_modules\passport-local\package.json
29 info package.json bcrypt-nodejs@0.0.3 No license field.
30 info package.json connect-flash@0.1.1 No license field.
31 info package.json passport-google-token@0.1.2 No license field.
32 info package.json passport-http@0.3.0 No license field.
33 info package.json passport-local@1.0.0 No license field.
34 verbose readDependencies loading dependencies from C:\Users\KIHIKO FRANCIS\Desktop\CodeChallenge1Server-finalpassport\package.json
35 verbose targetResolver reading package data from C:\Users\KIHIKO FRANCIS\Desktop\CodeChallenge1Server-finalpassport\node_modules\bcrypt-nodejs\package.json
36 verbose targetResolver reading package data from C:\Users\KIHIKO FRANCIS\Desktop\CodeChallenge1Server-finalpassport\node_modules\body-parser\package.json
37 verbose targetResolver reading package data from C:\Users\KIHIKO FRANCIS\Desktop\CodeChallenge1Server-finalpassport\node_modules\connect-flash\package.json
38 verbose targetResolver reading package data from C:\Users\KIHIKO FRANCIS\Desktop\CodeChallenge1Server-finalpassport\node_modules\connect-mongo\package.json
39 verbose targetResolver reading package data from C:\Users\KIHIKO FRANCIS\Desktop\CodeChallenge1Server-finalpassport\node_modules\cookie-parser\package.json
40 verbose targetResolver reading package data from C:\Users\KIHIKO FRANCIS\Desktop\CodeChallenge1Server-finalpassport\node_modules\ejs\package.json
41 verbose targetResolver reading package data from C:\Users\KIHIKO FRANCIS\Desktop\CodeChallenge1Server-finalpassport\node_modules\express\package.json
42 verbose targetResolver reading package data from C:\Users\KIHIKO FRANCIS\Desktop\CodeChallenge1Server-finalpassport\node_modules\express-handlebars\package.json
43 verbose targetResolver reading package data from C:\Users\KIHIKO FRANCIS\Desktop\CodeChallenge1Server-finalpassport\node_modules\express-session\package.json
44 verbose targetResolver reading package data from C:\Users\KIHIKO FRANCIS\Desktop\CodeChallenge1Server-finalpassport\node_modules\jsonwebtoken\package.json
45 verbose targetResolver reading package data from C:\Users\KIHIKO FRANCIS\Desktop\CodeChallenge1Server-finalpassport\node_modules\mongodb\package.json
46 verbose targetResolver reading package data from C:\Users\KIHIKO FRANCIS\Desktop\CodeChallenge1Server-finalpassport\node_modules\mongoose\package.json
47 verbose targetResolver reading package data from C:\Users\KIHIKO FRANCIS\Desktop\CodeChallenge1Server-finalpassport\node_modules\morgan\package.json
48 verbose targetResolver reading package data from C:\Users\KIHIKO FRANCIS\Desktop\CodeChallenge1Server-finalpassport\node_modules\passport\package.json
49 verbose targetResolver reading package data from C:\Users\KIHIKO FRANCIS\Desktop\CodeChallenge1Server-finalpassport\node_modules\passport-facebook\package.json
50 verbose targetResolver reading package data from C:\Users\KIHIKO FRANCIS\Desktop\CodeChallenge1Server-finalpassport\node_modules\passport-facebook-token\package.json
51 verbose targetResolver reading package data from C:\Users\KIHIKO FRANCIS\Desktop\CodeChallenge1Server-finalpassport\node_modules\passport-google-oauth\package.json
52 verbose targetResolver reading package data from C:\Users\KIHIKO FRANCIS\Desktop\CodeChallenge1Server-finalpassport\node_modules\passport-google-token\package.json
53 verbose targetResolver reading package data from C:\Users\KIHIKO FRANCIS\Desktop\CodeChallenge1Server-finalpassport\node_modules\passport-http\package.json
54 verbose targetResolver reading package data from C:\Users\KIHIKO FRANCIS\Desktop\CodeChallenge1Server-finalpassport\node_modules\passport-local\package.json
55 verbose already installed skipping bcrypt-nodejs@0.0.3 C:\Users\KIHIKO FRANCIS\Desktop\CodeChallenge1Server-finalpassport
56 verbose already installed skipping body-parser@^1.15.1 C:\Users\KIHIKO FRANCIS\Desktop\CodeChallenge1Server-finalpassport
57 verbose already installed skipping connect-flash@^0.1.1 C:\Users\KIHIKO FRANCIS\Desktop\CodeChallenge1Server-finalpassport
58 verbose already installed skipping connect-mongo@^1.2.0 C:\Users\KIHIKO FRANCIS\Desktop\CodeChallenge1Server-finalpassport
59 verbose already installed skipping cookie-parser@^1.4.3 C:\Users\KIHIKO FRANCIS\Desktop\CodeChallenge1Server-finalpassport
60 verbose already installed skipping ejs@^2.4.2 C:\Users\KIHIKO FRANCIS\Desktop\CodeChallenge1Server-finalpassport
61 verbose already installed skipping express@^4.13.4 C:\Users\KIHIKO FRANCIS\Desktop\CodeChallenge1Server-finalpassport
62 verbose already installed skipping express-handlebars@^3.0.0 C:\Users\KIHIKO FRANCIS\Desktop\CodeChallenge1Server-finalpassport
63 verbose already installed skipping express-session@^1.13.0 C:\Users\KIHIKO FRANCIS\Desktop\CodeChallenge1Server-finalpassport
64 verbose already installed skipping jsonwebtoken@^7.0.0 C:\Users\KIHIKO FRANCIS\Desktop\CodeChallenge1Server-finalpassport
65 verbose already installed skipping mongodb@^2.1.21 C:\Users\KIHIKO FRANCIS\Desktop\CodeChallenge1Server-finalpassport
66 verbose already installed skipping mongoose@^4.4.19 C:\Users\KIHIKO FRANCIS\Desktop\CodeChallenge1Server-finalpassport
67 verbose already installed skipping morgan@^1.7.0 C:\Users\KIHIKO FRANCIS\Desktop\CodeChallenge1Server-finalpassport
68 verbose already installed skipping passport@^0.3.2 C:\Users\KIHIKO FRANCIS\Desktop\CodeChallenge1Server-finalpassport
69 verbose already installed skipping passport-facebook@^2.1.1 C:\Users\KIHIKO FRANCIS\Desktop\CodeChallenge1Server-finalpassport
70 verbose already installed skipping passport-facebook-token@^3.2.0 C:\Users\KIHIKO FRANCIS\Desktop\CodeChallenge1Server-finalpassport
71 verbose already installed skipping passport-google-oauth@^1.0.0 C:\Users\KIHIKO FRANCIS\Desktop\CodeChallenge1Server-finalpassport
72 verbose already installed skipping passport-google-token@^0.1.2 C:\Users\KIHIKO FRANCIS\Desktop\CodeChallenge1Server-finalpassport
73 verbose already installed skipping passport-http@^0.3.0 C:\Users\KIHIKO FRANCIS\Desktop\CodeChallenge1Server-finalpassport
74 verbose already installed skipping passport-local@^1.0.0 C:\Users\KIHIKO FRANCIS\Desktop\CodeChallenge1Server-finalpassport
75 silly cache add args [ 'bcrypt@^0.8.6', null ]
76 verbose cache add spec bcrypt@^0.8.6
77 silly cache add parsed spec Result {
77 silly cache add   raw: 'bcrypt@^0.8.6',
77 silly cache add   scope: null,
77 silly cache add   name: 'bcrypt',
77 silly cache add   rawSpec: '^0.8.6',
77 silly cache add   spec: '>=0.8.6 <0.9.0',
77 silly cache add   type: 'range' }
78 silly addNamed bcrypt@>=0.8.6 <0.9.0
79 verbose addNamed ">=0.8.6 <0.9.0" is a valid semver range for bcrypt
80 silly addNameRange { name: 'bcrypt', range: '>=0.8.6 <0.9.0', hasData: false }
81 silly mapToRegistry name bcrypt
82 silly mapToRegistry using default registry
83 silly mapToRegistry registry https://registry.npmjs.org/
84 silly mapToRegistry data Result {
84 silly mapToRegistry   raw: 'bcrypt',
84 silly mapToRegistry   scope: null,
84 silly mapToRegistry   name: 'bcrypt',
84 silly mapToRegistry   rawSpec: '',
84 silly mapToRegistry   spec: 'latest',
84 silly mapToRegistry   type: 'tag' }
85 silly mapToRegistry uri https://registry.npmjs.org/bcrypt
86 verbose addNameRange registry:https://registry.npmjs.org/bcrypt not in flight; fetching
87 verbose request uri https://registry.npmjs.org/bcrypt
88 verbose request no auth needed
89 info attempt registry request try #1 at 1:19:42 PM
90 verbose request id d8b80594cdf73209
91 verbose etag "OTDISP0SPTDYZKMJ146EC4FI"
92 http request GET https://registry.npmjs.org/bcrypt
93 http 304 https://registry.npmjs.org/bcrypt
94 verbose headers { date: 'Wed, 15 Jun 2016 07:20:22 GMT',
94 verbose headers   via: '1.1 varnish',
94 verbose headers   'cache-control': 'max-age=300',
94 verbose headers   etag: '"OTDISP0SPTDYZKMJ146EC4FI"',
94 verbose headers   age: '266',
94 verbose headers   connection: 'keep-alive',
94 verbose headers   'x-served-by': 'cache-ams4133-AMS',
94 verbose headers   'x-cache': 'HIT',
94 verbose headers   'x-cache-hits': '1',
94 verbose headers   'x-timer': 'S1465975222.572590,VS0,VE0',
94 verbose headers   vary: 'Accept-Encoding' }
95 silly get cb [ 304,
95 silly get   { date: 'Wed, 15 Jun 2016 07:20:22 GMT',
95 silly get     via: '1.1 varnish',
95 silly get     'cache-control': 'max-age=300',
95 silly get     etag: '"OTDISP0SPTDYZKMJ146EC4FI"',
95 silly get     age: '266',
95 silly get     connection: 'keep-alive',
95 silly get     'x-served-by': 'cache-ams4133-AMS',
95 silly get     'x-cache': 'HIT',
95 silly get     'x-cache-hits': '1',
95 silly get     'x-timer': 'S1465975222.572590,VS0,VE0',
95 silly get     vary: 'Accept-Encoding' } ]
96 verbose etag https://registry.npmjs.org/bcrypt from cache
97 verbose get saving bcrypt to C:\Users\KIHIKO FRANCIS\AppData\Roaming\npm-cache\registry.npmjs.org\bcrypt\.cache.json
98 verbose correctMkdir C:\Users\KIHIKO FRANCIS\AppData\Roaming\npm-cache correctMkdir not in flight; initializing
99 silly addNameRange number 2 { name: 'bcrypt', range: '>=0.8.6 <0.9.0', hasData: true }
100 silly addNameRange versions [ 'bcrypt',
100 silly addNameRange   [ '0.1.2',
100 silly addNameRange     '0.2.0',
100 silly addNameRange     '0.2.1',
100 silly addNameRange     '0.1.3',
100 silly addNameRange     '0.2.2',
100 silly addNameRange     '0.2.3',
100 silly addNameRange     '0.2.4',
100 silly addNameRange     '0.3.0',
100 silly addNameRange     '0.3.1',
100 silly addNameRange     '0.3.2',
100 silly addNameRange     '0.4.0',
100 silly addNameRange     '0.4.1',
100 silly addNameRange     '0.5.0',
100 silly addNameRange     '0.6.0',
100 silly addNameRange     '0.7.0',
100 silly addNameRange     '0.7.1',
100 silly addNameRange     '0.7.2',
100 silly addNameRange     '0.7.3',
100 silly addNameRange     '0.7.4',
100 silly addNameRange     '0.7.5',
100 silly addNameRange     '0.7.6',
100 silly addNameRange     '0.7.7',
100 silly addNameRange     '0.7.8',
100 silly addNameRange     '0.8.0',
100 silly addNameRange     '0.8.1',
100 silly addNameRange     '0.8.2',
100 silly addNameRange     '0.8.3',
100 silly addNameRange     '0.8.4',
100 silly addNameRange     '0.8.5',
100 silly addNameRange     '0.8.6',
100 silly addNameRange     '0.8.7' ] ]
101 silly addNamed bcrypt@0.8.7
102 verbose addNamed "0.8.7" is a plain semver version for bcrypt
103 silly cache afterAdd bcrypt@0.8.7
104 verbose afterAdd C:\Users\KIHIKO FRANCIS\AppData\Roaming\npm-cache\bcrypt\0.8.7\package\package.json not in flight; writing
105 verbose correctMkdir C:\Users\KIHIKO FRANCIS\AppData\Roaming\npm-cache correctMkdir not in flight; initializing
106 verbose afterAdd C:\Users\KIHIKO FRANCIS\AppData\Roaming\npm-cache\bcrypt\0.8.7\package\package.json written
107 silly install resolved [ { name: 'bcrypt',
107 silly install resolved     description: 'A bcrypt library for NodeJS.',
107 silly install resolved     keywords:
107 silly install resolved      [ 'bcrypt',
107 silly install resolved        'password',
107 silly install resolved        'auth',
107 silly install resolved        'authentication',
107 silly install resolved        'encryption',
107 silly install resolved        'crypt',
107 silly install resolved        'crypto' ],
107 silly install resolved     main: './bcrypt',
107 silly install resolved     version: '0.8.7',
107 silly install resolved     author: { name: 'Nick Campbell', url: 'https://github.com/ncb000gt' },
107 silly install resolved     engines: { node: '>= 0.6.0' },
107 silly install resolved     repository:
107 silly install resolved      { type: 'git',
107 silly install resolved        url: 'git+https://github.com/ncb000gt/node.bcrypt.js.git' },
107 silly install resolved     license: 'MIT',
107 silly install resolved     bugs: { url: 'https://github.com/ncb000gt/node.bcrypt.js/issues' },
107 silly install resolved     scripts:
107 silly install resolved      { test: 'node-gyp configure build && nodeunit test',
107 silly install resolved        install: 'node-gyp rebuild' },
107 silly install resolved     dependencies: { bindings: '1.2.1', nan: '2.3.5' },
107 silly install resolved     devDependencies: { nodeunit: '~0.9.1' },
107 silly install resolved     contributors:
107 silly install resolved      [ [Object],
107 silly install resolved        [Object],
107 silly install resolved        [Object],
107 silly install resolved        [Object],
107 silly install resolved        [Object],
107 silly install resolved        [Object],
107 silly install resolved        [Object],
107 silly install resolved        [Object],
107 silly install resolved        [Object],
107 silly install resolved        [Object],
107 silly install resolved        [Object],
107 silly install resolved        [Object],
107 silly install resolved        [Object],
107 silly install resolved        [Object] ],
107 silly install resolved     gypfile: true,
107 silly install resolved     gitHead: '0dc9b78dab6980d129b77d1df723aa44daa7deb4',
107 silly install resolved     homepage: 'https://github.com/ncb000gt/node.bcrypt.js#readme',
107 silly install resolved     _id: 'bcrypt@0.8.7',
107 silly install resolved     _shasum: 'bc3875a9afd0a7b2cd231a6a7f218a5ce156b093',
107 silly install resolved     _from: 'bcrypt@>=0.8.6 <0.9.0',
107 silly install resolved     _npmVersion: '3.8.9',
107 silly install resolved     _nodeVersion: '6.2.0',
107 silly install resolved     _npmUser: { name: 'defunctzombie', email: 'shtylman@gmail.com' },
107 silly install resolved     dist:
107 silly install resolved      { shasum: 'bc3875a9afd0a7b2cd231a6a7f218a5ce156b093',
107 silly install resolved        tarball: 'https://registry.npmjs.org/bcrypt/-/bcrypt-0.8.7.tgz' },
107 silly install resolved     maintainers: [ [Object], [Object], [Object], [Object] ],
107 silly install resolved     _npmOperationalInternal:
107 silly install resolved      { host: 'packages-12-west.internal.npmjs.com',
107 silly install resolved        tmp: 'tmp/bcrypt-0.8.7.tgz_1465526713712_0.05265477881766856' },
107 silly install resolved     directories: {},
107 silly install resolved     _resolved: 'https://registry.npmjs.org/bcrypt/-/bcrypt-0.8.7.tgz',
107 silly install resolved     readme: 'ERROR: No README data found!' } ]
108 info install bcrypt@0.8.7 into C:\Users\KIHIKO FRANCIS\Desktop\CodeChallenge1Server-finalpassport
109 info installOne bcrypt@0.8.7
110 verbose installOne of bcrypt to C:\Users\KIHIKO FRANCIS\Desktop\CodeChallenge1Server-finalpassport not in flight; installing
111 verbose correctMkdir C:\Users\KIHIKO FRANCIS\AppData\Roaming\npm-cache\_locks correctMkdir not in flight; initializing
112 verbose lock using C:\Users\KIHIKO FRANCIS\AppData\Roaming\npm-cache\_locks\bcrypt-00feb3203f0d5a85.lock for C:\Users\KIHIKO FRANCIS\Desktop\CodeChallenge1Server-finalpassport\node_modules\bcrypt
113 silly install write writing bcrypt 0.8.7 to C:\Users\KIHIKO FRANCIS\Desktop\CodeChallenge1Server-finalpassport\node_modules\bcrypt
114 verbose unbuild node_modules\bcrypt
115 silly gentlyRm C:\Users\KIHIKO FRANCIS\Desktop\CodeChallenge1Server-finalpassport\node_modules\bcrypt is being purged from base C:\Users\KIHIKO FRANCIS\Desktop\CodeChallenge1Server-finalpassport
116 verbose gentlyRm don't care about contents; nuking C:\Users\KIHIKO FRANCIS\Desktop\CodeChallenge1Server-finalpassport\node_modules\bcrypt
117 verbose tar unpack C:\Users\KIHIKO FRANCIS\AppData\Roaming\npm-cache\bcrypt\0.8.7\package.tgz
118 verbose tar unpacking to C:\Users\KIHIKO FRANCIS\Desktop\CodeChallenge1Server-finalpassport\node_modules\bcrypt
119 silly gentlyRm C:\Users\KIHIKO FRANCIS\Desktop\CodeChallenge1Server-finalpassport\node_modules\bcrypt is being purged
120 verbose gentlyRm don't care about contents; nuking C:\Users\KIHIKO FRANCIS\Desktop\CodeChallenge1Server-finalpassport\node_modules\bcrypt
121 silly gunzTarPerm modes [ '777', '666' ]
122 silly gunzTarPerm extractEntry package.json
123 silly gunzTarPerm modified mode [ 'package.json', 420, 438 ]
124 silly gunzTarPerm extractEntry .npmignore
125 silly gunzTarPerm modified mode [ '.npmignore', 420, 438 ]
126 silly gunzTarPerm extractEntry README.md
127 silly gunzTarPerm modified mode [ 'README.md', 420, 438 ]
128 silly gunzTarPerm extractEntry LICENSE
129 silly gunzTarPerm modified mode [ 'LICENSE', 420, 438 ]
130 silly gunzTarPerm extractEntry bcrypt.js
131 silly gunzTarPerm modified mode [ 'bcrypt.js', 420, 438 ]
132 silly gunzTarPerm extractEntry Makefile
133 silly gunzTarPerm modified mode [ 'Makefile', 420, 438 ]
134 silly gunzTarPerm extractEntry .travis.yml
135 silly gunzTarPerm modified mode [ '.travis.yml', 420, 438 ]
136 silly gunzTarPerm extractEntry CHANGELOG.md
137 silly gunzTarPerm modified mode [ 'CHANGELOG.md', 420, 438 ]
138 silly gunzTarPerm extractEntry binding.gyp
139 silly gunzTarPerm modified mode [ 'binding.gyp', 420, 438 ]
140 silly gunzTarPerm extractEntry examples/async_compare.js
141 silly gunzTarPerm modified mode [ 'examples/async_compare.js', 420, 438 ]
142 silly gunzTarPerm extractEntry examples/forever_gen_salt.js
143 silly gunzTarPerm modified mode [ 'examples/forever_gen_salt.js', 420, 438 ]
144 silly gunzTarPerm extractEntry test/async.js
145 silly gunzTarPerm modified mode [ 'test/async.js', 420, 438 ]
146 silly gunzTarPerm extractEntry test/repetitions.js
147 silly gunzTarPerm modified mode [ 'test/repetitions.js', 420, 438 ]
148 silly gunzTarPerm extractEntry test/sync.js
149 silly gunzTarPerm modified mode [ 'test/sync.js', 420, 438 ]
150 silly gunzTarPerm extractEntry ISSUE_TEMPLATE.md
151 silly gunzTarPerm modified mode [ 'ISSUE_TEMPLATE.md', 420, 438 ]
152 silly gunzTarPerm extractEntry src/bcrypt.cc
153 silly gunzTarPerm modified mode [ 'src/bcrypt.cc', 420, 438 ]
154 silly gunzTarPerm extractEntry src/bcrypt_node.cc
155 silly gunzTarPerm modified mode [ 'src/bcrypt_node.cc', 420, 438 ]
156 silly gunzTarPerm extractEntry src/blowfish.cc
157 silly gunzTarPerm modified mode [ 'src/blowfish.cc', 420, 438 ]
158 silly gunzTarPerm extractEntry src/node_blf.h
159 silly gunzTarPerm modified mode [ 'src/node_blf.h', 420, 438 ]
160 silly gunzTarPerm extractEntry werker.yml
161 silly gunzTarPerm modified mode [ 'werker.yml', 420, 438 ]
162 verbose write writing to C:\Users\KIHIKO FRANCIS\Desktop\CodeChallenge1Server-finalpassport\node_modules\bcrypt\package.json
163 info preinstall bcrypt@0.8.7
164 verbose readDependencies loading dependencies from C:\Users\KIHIKO FRANCIS\Desktop\CodeChallenge1Server-finalpassport\node_modules\bcrypt\package.json
165 silly prepareForInstallMany adding bindings@1.2.1 from bcrypt dependencies
166 silly prepareForInstallMany adding nan@2.3.5 from bcrypt dependencies
167 verbose readDependencies loading dependencies from C:\Users\KIHIKO FRANCIS\Desktop\CodeChallenge1Server-finalpassport\node_modules\bcrypt\package.json
168 silly cache add args [ 'bindings@1.2.1', null ]
169 verbose cache add spec bindings@1.2.1
170 silly cache add args [ 'nan@2.3.5', null ]
171 verbose cache add spec nan@2.3.5
172 silly cache add parsed spec Result {
172 silly cache add   raw: 'bindings@1.2.1',
172 silly cache add   scope: null,
172 silly cache add   name: 'bindings',
172 silly cache add   rawSpec: '1.2.1',
172 silly cache add   spec: '1.2.1',
172 silly cache add   type: 'version' }
173 silly addNamed bindings@1.2.1
174 verbose addNamed "1.2.1" is a plain semver version for bindings
175 silly mapToRegistry name bindings
176 silly mapToRegistry using default registry
177 silly mapToRegistry registry https://registry.npmjs.org/
178 silly mapToRegistry data Result {
178 silly mapToRegistry   raw: 'bindings',
178 silly mapToRegistry   scope: null,
178 silly mapToRegistry   name: 'bindings',
178 silly mapToRegistry   rawSpec: '',
178 silly mapToRegistry   spec: 'latest',
178 silly mapToRegistry   type: 'tag' }
179 silly mapToRegistry uri https://registry.npmjs.org/bindings
180 verbose addNameVersion registry:https://registry.npmjs.org/bindings not in flight; fetching
181 silly cache add parsed spec Result {
181 silly cache add   raw: 'nan@2.3.5',
181 silly cache add   scope: null,
181 silly cache add   name: 'nan',
181 silly cache add   rawSpec: '2.3.5',
181 silly cache add   spec: '2.3.5',
181 silly cache add   type: 'version' }
182 silly addNamed nan@2.3.5
183 verbose addNamed "2.3.5" is a plain semver version for nan
184 silly mapToRegistry name nan
185 silly mapToRegistry using default registry
186 silly mapToRegistry registry https://registry.npmjs.org/
187 silly mapToRegistry data Result {
187 silly mapToRegistry   raw: 'nan',
187 silly mapToRegistry   scope: null,
187 silly mapToRegistry   name: 'nan',
187 silly mapToRegistry   rawSpec: '',
187 silly mapToRegistry   spec: 'latest',
187 silly mapToRegistry   type: 'tag' }
188 silly mapToRegistry uri https://registry.npmjs.org/nan
189 verbose addNameVersion registry:https://registry.npmjs.org/nan not in flight; fetching
190 verbose request uri https://registry.npmjs.org/bindings
191 verbose request no auth needed
192 info attempt registry request try #1 at 1:19:45 PM
193 verbose etag "33TX4J3DNTGF7K41ZUV6OA182"
194 http request GET https://registry.npmjs.org/bindings
195 verbose request uri https://registry.npmjs.org/nan
196 verbose request no auth needed
197 info attempt registry request try #1 at 1:19:45 PM
198 verbose etag "12RFHNMU7CS3WJ1892HQLM0NB"
199 http request GET https://registry.npmjs.org/nan
200 http 304 https://registry.npmjs.org/bindings
201 verbose headers { date: 'Wed, 15 Jun 2016 07:20:23 GMT',
201 verbose headers   via: '1.1 varnish',
201 verbose headers   'cache-control': 'max-age=300',
201 verbose headers   etag: '"33TX4J3DNTGF7K41ZUV6OA182"',
201 verbose headers   age: '108',
201 verbose headers   connection: 'keep-alive',
201 verbose headers   'x-served-by': 'cache-ams4133-AMS',
201 verbose headers   'x-cache': 'HIT',
201 verbose headers   'x-cache-hits': '1',
201 verbose headers   'x-timer': 'S1465975223.584730,VS0,VE0',
201 verbose headers   vary: 'Accept-Encoding' }
202 silly get cb [ 304,
202 silly get   { date: 'Wed, 15 Jun 2016 07:20:23 GMT',
202 silly get     via: '1.1 varnish',
202 silly get     'cache-control': 'max-age=300',
202 silly get     etag: '"33TX4J3DNTGF7K41ZUV6OA182"',
202 silly get     age: '108',
202 silly get     connection: 'keep-alive',
202 silly get     'x-served-by': 'cache-ams4133-AMS',
202 silly get     'x-cache': 'HIT',
202 silly get     'x-cache-hits': '1',
202 silly get     'x-timer': 'S1465975223.584730,VS0,VE0',
202 silly get     vary: 'Accept-Encoding' } ]
203 verbose etag https://registry.npmjs.org/bindings from cache
204 verbose get saving bindings to C:\Users\KIHIKO FRANCIS\AppData\Roaming\npm-cache\registry.npmjs.org\bindings\.cache.json
205 verbose correctMkdir C:\Users\KIHIKO FRANCIS\AppData\Roaming\npm-cache correctMkdir not in flight; initializing
206 silly cache afterAdd bindings@1.2.1
207 verbose afterAdd C:\Users\KIHIKO FRANCIS\AppData\Roaming\npm-cache\bindings\1.2.1\package\package.json not in flight; writing
208 verbose correctMkdir C:\Users\KIHIKO FRANCIS\AppData\Roaming\npm-cache correctMkdir not in flight; initializing
209 verbose afterAdd C:\Users\KIHIKO FRANCIS\AppData\Roaming\npm-cache\bindings\1.2.1\package\package.json written
210 http 304 https://registry.npmjs.org/nan
211 verbose headers { date: 'Wed, 15 Jun 2016 07:20:24 GMT',
211 verbose headers   via: '1.1 varnish',
211 verbose headers   'cache-control': 'max-age=300',
211 verbose headers   etag: '"12RFHNMU7CS3WJ1892HQLM0NB"',
211 verbose headers   age: '237',
211 verbose headers   connection: 'keep-alive',
211 verbose headers   'x-served-by': 'cache-ams4136-AMS',
211 verbose headers   'x-cache': 'HIT',
211 verbose headers   'x-cache-hits': '9',
211 verbose headers   'x-timer': 'S1465975224.448179,VS0,VE0',
211 verbose headers   vary: 'Accept-Encoding' }
212 silly get cb [ 304,
212 silly get   { date: 'Wed, 15 Jun 2016 07:20:24 GMT',
212 silly get     via: '1.1 varnish',
212 silly get     'cache-control': 'max-age=300',
212 silly get     etag: '"12RFHNMU7CS3WJ1892HQLM0NB"',
212 silly get     age: '237',
212 silly get     connection: 'keep-alive',
212 silly get     'x-served-by': 'cache-ams4136-AMS',
212 silly get     'x-cache': 'HIT',
212 silly get     'x-cache-hits': '9',
212 silly get     'x-timer': 'S1465975224.448179,VS0,VE0',
212 silly get     vary: 'Accept-Encoding' } ]
213 verbose etag https://registry.npmjs.org/nan from cache
214 verbose get saving nan to C:\Users\KIHIKO FRANCIS\AppData\Roaming\npm-cache\registry.npmjs.org\nan\.cache.json
215 verbose correctMkdir C:\Users\KIHIKO FRANCIS\AppData\Roaming\npm-cache correctMkdir not in flight; initializing
216 silly cache afterAdd nan@2.3.5
217 verbose afterAdd C:\Users\KIHIKO FRANCIS\AppData\Roaming\npm-cache\nan\2.3.5\package\package.json not in flight; writing
218 verbose correctMkdir C:\Users\KIHIKO FRANCIS\AppData\Roaming\npm-cache correctMkdir not in flight; initializing
219 verbose afterAdd C:\Users\KIHIKO FRANCIS\AppData\Roaming\npm-cache\nan\2.3.5\package\package.json written
220 silly install resolved [ { name: 'bindings',
220 silly install resolved     description: 'Helper module for loading your native module\'s .node file',
220 silly install resolved     keywords: [ 'native', 'addon', 'bindings', 'gyp', 'waf', 'c', 'c++' ],
220 silly install resolved     version: '1.2.1',
220 silly install resolved     author:
220 silly install resolved      { name: 'Nathan Rajlich',
220 silly install resolved        email: 'nathan@tootallnate.net',
220 silly install resolved        url: 'http://tootallnate.net' },
220 silly install resolved     repository:
220 silly install resolved      { type: 'git',
220 silly install resolved        url: 'git://github.com/TooTallNate/node-bindings.git' },
220 silly install resolved     main: './bindings.js',
220 silly install resolved     bugs: { url: 'https://github.com/TooTallNate/node-bindings/issues' },
220 silly install resolved     homepage: 'https://github.com/TooTallNate/node-bindings',
220 silly install resolved     license: 'MIT',
220 silly install resolved     gitHead: 'e404152ee27f8478ccbc7122ee051246e8e5ec02',
220 silly install resolved     _id: 'bindings@1.2.1',
220 silly install resolved     scripts: {},
220 silly install resolved     _shasum: '14ad6113812d2d37d72e67b4cacb4bb726505f11',
220 silly install resolved     _from: 'bindings@1.2.1',
220 silly install resolved     _npmVersion: '1.4.14',
220 silly install resolved     _npmUser: { name: 'tootallnate', email: 'nathan@tootallnate.net' },
220 silly install resolved     maintainers: [ [Object], [Object] ],
220 silly install resolved     dist:
220 silly install resolved      { shasum: '14ad6113812d2d37d72e67b4cacb4bb726505f11',
220 silly install resolved        tarball: 'https://registry.npmjs.org/bindings/-/bindings-1.2.1.tgz' },
220 silly install resolved     directories: {},
220 silly install resolved     _resolved: 'https://registry.npmjs.org/bindings/-/bindings-1.2.1.tgz',
220 silly install resolved     readme: 'ERROR: No README data found!' },
220 silly install resolved   { name: 'nan',
220 silly install resolved     version: '2.3.5',
220 silly install resolved     description: 'Native Abstractions for Node.js: C++ header for Node 0.8 -> 6 compatibility',
220 silly install resolved     main: 'include_dirs.js',
220 silly install resolved     repository: { type: 'git', url: 'git://github.com/nodejs/nan.git' },
220 silly install resolved     scripts:
220 silly install resolved      { test: 'tap --gc --stderr test/js/*-test.js',
220 silly install resolved        'rebuild-tests': 'node-gyp rebuild --msvs_version=2013 --directory test',
220 silly install resolved        docs: 'doc/.build.sh' },
220 silly install resolved     contributors:
220 silly install resolved      [ [Object],
220 silly install resolved        [Object],
220 silly install resolved        [Object],
220 silly install resolved        [Object],
220 silly install resolved        [Object],
220 silly install resolved        [Object],
220 silly install resolved        [Object] ],
220 silly install resolved     devDependencies:
220 silly install resolved      { bindings: '~1.2.1',
220 silly install resolved        commander: '^2.8.1',
220 silly install resolved        glob: '^5.0.14',
220 silly install resolved        'node-gyp': '~3.0.1',
220 silly install resolved        tap: '~0.7.1',
220 silly install resolved        xtend: '~4.0.0' },
220 silly install resolved     license: 'MIT',
220 silly install resolved     bugs: { url: 'https://github.com/nodejs/nan/issues' },
220 silly install resolved     homepage: 'https://github.com/nodejs/nan#readme',
220 silly install resolved     _id: 'nan@2.3.5',
220 silly install resolved     _shasum: '822a0dc266290ce4cd3a12282ca3e7e364668a08',
220 silly install resolved     _resolved: 'https://registry.npmjs.org/nan/-/nan-2.3.5.tgz',
220 silly install resolved     _from: 'nan@2.3.5',
220 silly install resolved     _npmVersion: '3.3.6',
220 silly install resolved     _nodeVersion: '5.0.0',
220 silly install resolved     _npmUser: { name: 'kkoopa', email: 'bbyholm@abo.fi' },
220 silly install resolved     dist:
220 silly install resolved      { shasum: '822a0dc266290ce4cd3a12282ca3e7e364668a08',
220 silly install resolved        tarball: 'https://registry.npmjs.org/nan/-/nan-2.3.5.tgz' },
220 silly install resolved     maintainers: [ [Object], [Object] ],
220 silly install resolved     _npmOperationalInternal:
220 silly install resolved      { host: 'packages-12-west.internal.npmjs.com',
220 silly install resolved        tmp: 'tmp/nan-2.3.5.tgz_1464707164994_0.4295874561648816' },
220 silly install resolved     directories: {},
220 silly install resolved     readme: 'ERROR: No README data found!' } ]
221 info install bindings@1.2.1 into C:\Users\KIHIKO FRANCIS\Desktop\CodeChallenge1Server-finalpassport\node_modules\bcrypt
222 info install nan@2.3.5 into C:\Users\KIHIKO FRANCIS\Desktop\CodeChallenge1Server-finalpassport\node_modules\bcrypt
223 info installOne bindings@1.2.1
224 verbose installOne of bindings to C:\Users\KIHIKO FRANCIS\Desktop\CodeChallenge1Server-finalpassport\node_modules\bcrypt not in flight; installing
225 verbose correctMkdir C:\Users\KIHIKO FRANCIS\AppData\Roaming\npm-cache\_locks correctMkdir not in flight; initializing
226 info installOne nan@2.3.5
227 verbose installOne of nan to C:\Users\KIHIKO FRANCIS\Desktop\CodeChallenge1Server-finalpassport\node_modules\bcrypt not in flight; installing
228 verbose correctMkdir C:\Users\KIHIKO FRANCIS\AppData\Roaming\npm-cache\_locks correctMkdir not in flight; initializing
229 verbose lock using C:\Users\KIHIKO FRANCIS\AppData\Roaming\npm-cache\_locks\bindings-e6420961287c07ac.lock for C:\Users\KIHIKO FRANCIS\Desktop\CodeChallenge1Server-finalpassport\node_modules\bcrypt\node_modules\bindings
230 verbose lock using C:\Users\KIHIKO FRANCIS\AppData\Roaming\npm-cache\_locks\nan-04f6a3e4e8f1f576.lock for C:\Users\KIHIKO FRANCIS\Desktop\CodeChallenge1Server-finalpassport\node_modules\bcrypt\node_modules\nan
231 silly install write writing bindings 1.2.1 to C:\Users\KIHIKO FRANCIS\Desktop\CodeChallenge1Server-finalpassport\node_modules\bcrypt\node_modules\bindings
232 silly install write writing nan 2.3.5 to C:\Users\KIHIKO FRANCIS\Desktop\CodeChallenge1Server-finalpassport\node_modules\bcrypt\node_modules\nan
233 verbose unbuild node_modules\bcrypt\node_modules\bindings
234 verbose unbuild node_modules\bcrypt\node_modules\nan
235 silly gentlyRm C:\Users\KIHIKO FRANCIS\Desktop\CodeChallenge1Server-finalpassport\node_modules\bcrypt\node_modules\bindings is being purged from base C:\Users\KIHIKO FRANCIS\Desktop\CodeChallenge1Server-finalpassport
236 verbose gentlyRm don't care about contents; nuking C:\Users\KIHIKO FRANCIS\Desktop\CodeChallenge1Server-finalpassport\node_modules\bcrypt\node_modules\bindings
237 verbose tar unpack C:\Users\KIHIKO FRANCIS\AppData\Roaming\npm-cache\bindings\1.2.1\package.tgz
238 verbose tar unpacking to C:\Users\KIHIKO FRANCIS\Desktop\CodeChallenge1Server-finalpassport\node_modules\bcrypt\node_modules\bindings
239 silly gentlyRm C:\Users\KIHIKO FRANCIS\Desktop\CodeChallenge1Server-finalpassport\node_modules\bcrypt\node_modules\bindings is being purged
240 verbose gentlyRm don't care about contents; nuking C:\Users\KIHIKO FRANCIS\Desktop\CodeChallenge1Server-finalpassport\node_modules\bcrypt\node_modules\bindings
241 silly gentlyRm C:\Users\KIHIKO FRANCIS\Desktop\CodeChallenge1Server-finalpassport\node_modules\bcrypt\node_modules\nan is being purged from base C:\Users\KIHIKO FRANCIS\Desktop\CodeChallenge1Server-finalpassport
242 verbose gentlyRm don't care about contents; nuking C:\Users\KIHIKO FRANCIS\Desktop\CodeChallenge1Server-finalpassport\node_modules\bcrypt\node_modules\nan
243 silly gunzTarPerm modes [ '777', '666' ]
244 verbose tar unpack C:\Users\KIHIKO FRANCIS\AppData\Roaming\npm-cache\nan\2.3.5\package.tgz
245 verbose tar unpacking to C:\Users\KIHIKO FRANCIS\Desktop\CodeChallenge1Server-finalpassport\node_modules\bcrypt\node_modules\nan
246 silly gentlyRm C:\Users\KIHIKO FRANCIS\Desktop\CodeChallenge1Server-finalpassport\node_modules\bcrypt\node_modules\nan is being purged
247 verbose gentlyRm don't care about contents; nuking C:\Users\KIHIKO FRANCIS\Desktop\CodeChallenge1Server-finalpassport\node_modules\bcrypt\node_modules\nan
248 silly gunzTarPerm modes [ '777', '666' ]
249 silly gunzTarPerm extractEntry package.json
250 silly gunzTarPerm modified mode [ 'package.json', 420, 438 ]
251 silly gunzTarPerm extractEntry package.json
252 silly gunzTarPerm modified mode [ 'package.json', 436, 438 ]
253 silly gunzTarPerm extractEntry README.md
254 silly gunzTarPerm modified mode [ 'README.md', 420, 438 ]
255 silly gunzTarPerm extractEntry bindings.js
256 silly gunzTarPerm modified mode [ 'bindings.js', 420, 438 ]
257 silly gunzTarPerm extractEntry README.md
258 silly gunzTarPerm modified mode [ 'README.md', 436, 438 ]
259 silly gunzTarPerm extractEntry include_dirs.js
260 silly gunzTarPerm modified mode [ 'include_dirs.js', 436, 438 ]
261 silly gunzTarPerm extractEntry nan_converters.h
262 silly gunzTarPerm modified mode [ 'nan_converters.h', 436, 438 ]
263 silly gunzTarPerm extractEntry LICENSE.md
264 silly gunzTarPerm modified mode [ 'LICENSE.md', 436, 438 ]
265 silly gunzTarPerm extractEntry doc/node_misc.md
266 silly gunzTarPerm modified mode [ 'doc/node_misc.md', 436, 438 ]
267 silly gunzTarPerm extractEntry doc/asyncworker.md
268 silly gunzTarPerm modified mode [ 'doc/asyncworker.md', 436, 438 ]
269 verbose write writing to C:\Users\KIHIKO FRANCIS\Desktop\CodeChallenge1Server-finalpassport\node_modules\bcrypt\node_modules\bindings\package.json
270 info preinstall bindings@1.2.1
271 verbose readDependencies loading dependencies from C:\Users\KIHIKO FRANCIS\Desktop\CodeChallenge1Server-finalpassport\node_modules\bcrypt\node_modules\bindings\package.json
272 silly gunzTarPerm extractEntry doc/callback.md
273 silly gunzTarPerm modified mode [ 'doc/callback.md', 436, 438 ]
274 silly gunzTarPerm extractEntry doc/converters.md
275 silly gunzTarPerm modified mode [ 'doc/converters.md', 436, 438 ]
276 verbose readDependencies loading dependencies from C:\Users\KIHIKO FRANCIS\Desktop\CodeChallenge1Server-finalpassport\node_modules\bcrypt\node_modules\bindings\package.json
277 silly install resolved []
278 verbose about to build C:\Users\KIHIKO FRANCIS\Desktop\CodeChallenge1Server-finalpassport\node_modules\bcrypt\node_modules\bindings
279 info build C:\Users\KIHIKO FRANCIS\Desktop\CodeChallenge1Server-finalpassport\node_modules\bcrypt\node_modules\bindings
280 info linkStuff bindings@1.2.1
281 silly linkStuff bindings@1.2.1 has C:\Users\KIHIKO FRANCIS\Desktop\CodeChallenge1Server-finalpassport\node_modules\bcrypt\node_modules as its parent node_modules
282 verbose linkBins bindings@1.2.1
283 verbose linkMans bindings@1.2.1
284 verbose rebuildBundles bindings@1.2.1
285 info install bindings@1.2.1
286 silly gunzTarPerm extractEntry doc/errors.md
287 silly gunzTarPerm modified mode [ 'doc/errors.md', 436, 438 ]
288 silly gunzTarPerm extractEntry doc/maybe_types.md
289 silly gunzTarPerm modified mode [ 'doc/maybe_types.md', 436, 438 ]
290 info postinstall bindings@1.2.1
291 verbose unlock done using C:\Users\KIHIKO FRANCIS\AppData\Roaming\npm-cache\_locks\bindings-e6420961287c07ac.lock for C:\Users\KIHIKO FRANCIS\Desktop\CodeChallenge1Server-finalpassport\node_modules\bcrypt\node_modules\bindings
292 silly gunzTarPerm extractEntry doc/methods.md
293 silly gunzTarPerm modified mode [ 'doc/methods.md', 436, 438 ]
294 silly gunzTarPerm extractEntry doc/new.md
295 silly gunzTarPerm modified mode [ 'doc/new.md', 436, 438 ]
296 silly gunzTarPerm extractEntry doc/buffers.md
297 silly gunzTarPerm modified mode [ 'doc/buffers.md', 436, 438 ]
298 silly gunzTarPerm extractEntry doc/object_wrappers.md
299 silly gunzTarPerm modified mode [ 'doc/object_wrappers.md', 436, 438 ]
300 silly gunzTarPerm extractEntry doc/persistent.md
301 silly gunzTarPerm modified mode [ 'doc/persistent.md', 436, 438 ]
302 silly gunzTarPerm extractEntry doc/scopes.md
303 silly gunzTarPerm modified mode [ 'doc/scopes.md', 436, 438 ]
304 silly gunzTarPerm extractEntry doc/script.md
305 silly gunzTarPerm modified mode [ 'doc/script.md', 436, 438 ]
306 silly gunzTarPerm extractEntry doc/string_bytes.md
307 silly gunzTarPerm modified mode [ 'doc/string_bytes.md', 436, 438 ]
308 silly gunzTarPerm extractEntry doc/v8_internals.md
309 silly gunzTarPerm modified mode [ 'doc/v8_internals.md', 436, 438 ]
310 silly gunzTarPerm extractEntry doc/v8_misc.md
311 silly gunzTarPerm modified mode [ 'doc/v8_misc.md', 436, 438 ]
312 silly gunzTarPerm extractEntry nan.h
313 silly gunzTarPerm modified mode [ 'nan.h', 436, 438 ]
314 silly gunzTarPerm extractEntry nan_callbacks.h
315 silly gunzTarPerm modified mode [ 'nan_callbacks.h', 436, 438 ]
316 silly gunzTarPerm extractEntry nan_callbacks_12_inl.h
317 silly gunzTarPerm modified mode [ 'nan_callbacks_12_inl.h', 436, 438 ]
318 silly gunzTarPerm extractEntry nan_callbacks_pre_12_inl.h
319 silly gunzTarPerm modified mode [ 'nan_callbacks_pre_12_inl.h', 436, 438 ]
320 silly gunzTarPerm extractEntry nan_converters_43_inl.h
321 silly gunzTarPerm modified mode [ 'nan_converters_43_inl.h', 436, 438 ]
322 silly gunzTarPerm extractEntry nan_converters_pre_43_inl.h
323 silly gunzTarPerm modified mode [ 'nan_converters_pre_43_inl.h', 436, 438 ]
324 silly gunzTarPerm extractEntry nan_implementation_12_inl.h
325 silly gunzTarPerm modified mode [ 'nan_implementation_12_inl.h', 436, 438 ]
326 silly gunzTarPerm extractEntry nan_implementation_pre_12_inl.h
327 silly gunzTarPerm modified mode [ 'nan_implementation_pre_12_inl.h', 436, 438 ]
328 silly gunzTarPerm extractEntry nan_maybe_43_inl.h
329 silly gunzTarPerm modified mode [ 'nan_maybe_43_inl.h', 436, 438 ]
330 silly gunzTarPerm extractEntry nan_maybe_pre_43_inl.h
331 silly gunzTarPerm modified mode [ 'nan_maybe_pre_43_inl.h', 436, 438 ]
332 silly gunzTarPerm extractEntry nan_new.h
333 silly gunzTarPerm modified mode [ 'nan_new.h', 436, 438 ]
334 silly gunzTarPerm extractEntry nan_object_wrap.h
335 silly gunzTarPerm modified mode [ 'nan_object_wrap.h', 436, 438 ]
336 silly gunzTarPerm extractEntry nan_persistent_12_inl.h
337 silly gunzTarPerm modified mode [ 'nan_persistent_12_inl.h', 436, 438 ]
338 silly gunzTarPerm extractEntry nan_persistent_pre_12_inl.h
339 silly gunzTarPerm modified mode [ 'nan_persistent_pre_12_inl.h', 436, 438 ]
340 silly gunzTarPerm extractEntry nan_string_bytes.h
341 silly gunzTarPerm modified mode [ 'nan_string_bytes.h', 436, 438 ]
342 silly gunzTarPerm extractEntry nan_typedarray_contents.h
343 silly gunzTarPerm modified mode [ 'nan_typedarray_contents.h', 436, 438 ]
344 silly gunzTarPerm extractEntry nan_weak.h
345 silly gunzTarPerm modified mode [ 'nan_weak.h', 436, 438 ]
346 silly gunzTarPerm extractEntry CHANGELOG.md
347 silly gunzTarPerm modified mode [ 'CHANGELOG.md', 436, 438 ]
348 silly gunzTarPerm extractEntry tools/package.json
349 silly gunzTarPerm modified mode [ 'tools/package.json', 436, 438 ]
350 silly gunzTarPerm extractEntry tools/README.md
351 silly gunzTarPerm modified mode [ 'tools/README.md', 436, 438 ]
352 silly gunzTarPerm extractEntry tools/1to2.js
353 silly gunzTarPerm modified mode [ 'tools/1to2.js', 509, 511 ]
354 verbose write writing to C:\Users\KIHIKO FRANCIS\Desktop\CodeChallenge1Server-finalpassport\node_modules\bcrypt\node_modules\nan\package.json
355 info preinstall nan@2.3.5
356 verbose readDependencies loading dependencies from C:\Users\KIHIKO FRANCIS\Desktop\CodeChallenge1Server-finalpassport\node_modules\bcrypt\node_modules\nan\package.json
357 verbose readDependencies loading dependencies from C:\Users\KIHIKO FRANCIS\Desktop\CodeChallenge1Server-finalpassport\node_modules\bcrypt\node_modules\nan\package.json
358 silly install resolved []
359 verbose about to build C:\Users\KIHIKO FRANCIS\Desktop\CodeChallenge1Server-finalpassport\node_modules\bcrypt\node_modules\nan
360 info build C:\Users\KIHIKO FRANCIS\Desktop\CodeChallenge1Server-finalpassport\node_modules\bcrypt\node_modules\nan
361 info linkStuff nan@2.3.5
362 silly linkStuff nan@2.3.5 has C:\Users\KIHIKO FRANCIS\Desktop\CodeChallenge1Server-finalpassport\node_modules\bcrypt\node_modules as its parent node_modules
363 verbose linkBins nan@2.3.5
364 verbose linkMans nan@2.3.5
365 verbose rebuildBundles nan@2.3.5
366 info install nan@2.3.5
367 info postinstall nan@2.3.5
368 verbose unlock done using C:\Users\KIHIKO FRANCIS\AppData\Roaming\npm-cache\_locks\nan-04f6a3e4e8f1f576.lock for C:\Users\KIHIKO FRANCIS\Desktop\CodeChallenge1Server-finalpassport\node_modules\bcrypt\node_modules\nan
369 verbose about to build C:\Users\KIHIKO FRANCIS\Desktop\CodeChallenge1Server-finalpassport\node_modules\bcrypt
370 info build C:\Users\KIHIKO FRANCIS\Desktop\CodeChallenge1Server-finalpassport\node_modules\bcrypt
371 info linkStuff bcrypt@0.8.7
372 silly linkStuff bcrypt@0.8.7 has C:\Users\KIHIKO FRANCIS\Desktop\CodeChallenge1Server-finalpassport\node_modules as its parent node_modules
373 verbose linkBins bcrypt@0.8.7
374 verbose linkMans bcrypt@0.8.7
375 verbose rebuildBundles bcrypt@0.8.7
376 verbose rebuildBundles [ 'bindings', 'nan' ]
377 info install bcrypt@0.8.7
378 verbose unsafe-perm in lifecycle true
379 info bcrypt@0.8.7 Failed to exec install script
380 verbose unlock done using C:\Users\KIHIKO FRANCIS\AppData\Roaming\npm-cache\_locks\bcrypt-00feb3203f0d5a85.lock for C:\Users\KIHIKO FRANCIS\Desktop\CodeChallenge1Server-finalpassport\node_modules\bcrypt
381 verbose stack Error: bcrypt@0.8.7 install: `node-gyp rebuild`
381 verbose stack Exit status 1
381 verbose stack     at EventEmitter.<anonymous> (C:\Program Files\nodejs\node_modules\npm\lib\utils\lifecycle.js:217:16)
381 verbose stack     at emitTwo (events.js:87:13)
381 verbose stack     at EventEmitter.emit (events.js:172:7)
381 verbose stack     at ChildProcess.<anonymous> (C:\Program Files\nodejs\node_modules\npm\lib\utils\spawn.js:24:14)
381 verbose stack     at emitTwo (events.js:87:13)
381 verbose stack     at ChildProcess.emit (events.js:172:7)
381 verbose stack     at maybeClose (internal/child_process.js:827:16)
381 verbose stack     at Process.ChildProcess._handle.onexit (internal/child_process.js:211:5)
382 verbose pkgid bcrypt@0.8.7
383 verbose cwd C:\Users\KIHIKO FRANCIS\Desktop\CodeChallenge1Server-finalpassport
384 error Windows_NT 6.3.9600
385 error argv "C:\\Program Files\\nodejs\\node.exe" "C:\\Program Files\\nodejs\\node_modules\\npm\\bin\\npm-cli.js" "install" "--save"
386 error node v4.4.4
387 error npm  v2.15.1
388 error code ELIFECYCLE
389 error bcrypt@0.8.7 install: `node-gyp rebuild`
389 error Exit status 1
390 error Failed at the bcrypt@0.8.7 install script 'node-gyp rebuild'.
390 error This is most likely a problem with the bcrypt package,
390 error not with npm itself.
390 error Tell the author that this fails on your system:
390 error     node-gyp rebuild
390 error You can get information on how to open an issue for this project with:
390 error     npm bugs bcrypt
390 error Or if that isn't available, you can get their info via:
390 error
390 error     npm owner ls bcrypt
390 error There is likely additional logging output above.
391 verbose exit [ 1, true ]
392 verbose unbuild node_modules\bcrypt
393 info preuninstall bcrypt@0.8.7
394 info uninstall bcrypt@0.8.7
395 verbose unbuild rmStuff bcrypt@0.8.7 from C:\Users\KIHIKO FRANCIS\Desktop\CodeChallenge1Server-finalpassport\node_modules
396 info postuninstall bcrypt@0.8.7
397 silly gentlyRm C:\Users\KIHIKO FRANCIS\Desktop\CodeChallenge1Server-finalpassport\node_modules\bcrypt is being purged from base C:\Users\KIHIKO FRANCIS\Desktop\CodeChallenge1Server-finalpassport
398 verbose gentlyRm don't care about contents; nuking C:\Users\KIHIKO FRANCIS\Desktop\CodeChallenge1Server-finalpassport\node_modules\bcrypt
399 silly vacuum-fs purging C:\Users\KIHIKO FRANCIS\Desktop\CodeChallenge1Server-finalpassport\node_modules\bcrypt
400 error error rolling back Error: EPERM: operation not permitted, unlink 'C:\Users\KIHIKO FRANCIS\Desktop\CodeChallenge1Server-finalpassport\node_modules\bcrypt\binding.gyp'
400 error error rolling back     at Error (native)
400 error error rolling back  { [Error: EPERM: operation not permitted, unlink 'C:\Users\KIHIKO FRANCIS\Desktop\CodeChallenge1Server-finalpassport\node_modules\bcrypt\binding.gyp']
400 error error rolling back   errno: -4048,
400 error error rolling back   code: 'EPERM',
400 error error rolling back   syscall: 'unlink',
400 error error rolling back   path: 'C:\\Users\\KIHIKO FRANCIS\\Desktop\\CodeChallenge1Server-finalpassport\\node_modules\\bcrypt\\binding.gyp' }
